2018-09-17 17:02:51,043 [WARN] from org.hibernate.validator.messageinterpolation.ParameterMessageInterpolator in play-dev-mode-akka.actor.default-dispatcher-10 - HV000184: ParameterMessageInterpolator has been chosen, EL interpolation will not be supported
2018-09-17 17:02:51,224 [INFO] from play.api.http.EnabledFilters in play-dev-mode-akka.actor.default-dispatcher-10 - Enabled Filters (see <https://www.playframework.com/documentation/latest/Filters>):

    play.filters.headers.SecurityHeadersFilter
    play.filters.hosts.AllowedHostsFilter

2018-09-17 17:02:51,343 [INFO] from play.api.Play in play-dev-mode-akka.actor.default-dispatcher-10 - Application started (Dev)
2018-09-17 17:14:09,403 [ERROR] from application in play-dev-mode-akka.actor.default-dispatcher-18 - 

! @79a464f72 - Internal server error, for (GET) [/contas/edit] ->
 
play.sbt.PlayExceptions$CompilationException: Compilation error[non-static method findById(java.lang.Integer) cannot be referenced from a static context]
	at play.sbt.PlayExceptions$CompilationException$.apply(PlayExceptions.scala:34)
	at play.sbt.PlayExceptions$CompilationException$.apply(PlayExceptions.scala:34)
	at scala.Option.map(Option.scala:146)
	at play.sbt.run.PlayReload$.$anonfun$taskFailureHandler$1(PlayReload.scala:33)
	at scala.Option.map(Option.scala:146)
	at play.sbt.run.PlayReload$.taskFailureHandler(PlayReload.scala:28)
	at play.sbt.run.PlayReload$.compileFailure(PlayReload.scala:24)
	at play.sbt.run.PlayReload$.$anonfun$compile$3(PlayReload.scala:51)
	at scala.util.Either$LeftProjection.map(Either.scala:573)
	at play.sbt.run.PlayReload$.compile(PlayReload.scala:51)
	at play.sbt.run.PlayRun$.$anonfun$playRunTask$4(PlayRun.scala:76)
	at play.runsupport.Reloader.$anonfun$reload$1(Reloader.scala:412)
	at play.runsupport.Reloader$$anon$5.run(Reloader.scala:50)
	at java.security.AccessController.doPrivileged(Native Method)
	at play.runsupport.Reloader$.play$runsupport$Reloader$$withReloaderContextClassLoader(Reloader.scala:55)
	at play.runsupport.Reloader.reload(Reloader.scala:412)
	at play.core.server.DevServerStart$$anon$1.get(DevServerStart.scala:123)
	at play.core.server.AkkaHttpServer.handleRequest(AkkaHttpServer.scala:222)
	at play.core.server.AkkaHttpServer.$anonfun$createServerBinding$1(AkkaHttpServer.scala:138)
	at akka.stream.impl.fusing.MapAsync$$anon$25.onPush(Ops.scala:1194)
	at akka.stream.impl.fusing.GraphInterpreter.processPush(GraphInterpreter.scala:519)
	at akka.stream.impl.fusing.GraphInterpreter.processEvent(GraphInterpreter.scala:482)
	at akka.stream.impl.fusing.GraphInterpreter.execute(GraphInterpreter.scala:378)
	at akka.stream.impl.fusing.GraphInterpreterShell.runBatch(ActorGraphInterpreter.scala:585)
	at akka.stream.impl.fusing.GraphInterpreterShell$AsyncInput.execute(ActorGraphInterpreter.scala:469)
	at akka.stream.impl.fusing.GraphInterpreterShell.processEvent(ActorGraphInterpreter.scala:560)
	at akka.stream.impl.fusing.ActorGraphInterpreter.akka$stream$impl$fusing$ActorGraphInterpreter$$processEvent(ActorGraphInterpreter.scala:742)
	at akka.stream.impl.fusing.ActorGraphInterpreter$$anonfun$receive$1.applyOrElse(ActorGraphInterpreter.scala:757)
	at akka.actor.Actor.aroundReceive(Actor.scala:517)
	at akka.actor.Actor.aroundReceive$(Actor.scala:515)
	at akka.stream.impl.fusing.ActorGraphInterpreter.aroundReceive(ActorGraphInterpreter.scala:667)
	at akka.actor.ActorCell.receiveMessage(ActorCell.scala:590)
	at akka.actor.ActorCell.invoke(ActorCell.scala:559)
	at akka.dispatch.Mailbox.processMailbox(Mailbox.scala:257)
	at akka.dispatch.Mailbox.run(Mailbox.scala:224)
	at akka.dispatch.Mailbox.exec(Mailbox.scala:234)
	at akka.dispatch.forkjoin.ForkJoinTask.doExec(ForkJoinTask.java:260)
	at akka.dispatch.forkjoin.ForkJoinPool$WorkQueue.runTask(ForkJoinPool.java:1339)
	at akka.dispatch.forkjoin.ForkJoinPool.runWorker(ForkJoinPool.java:1979)
	at akka.dispatch.forkjoin.ForkJoinWorkerThread.run(ForkJoinWorkerThread.java:107)
2018-09-17 17:15:59,176 [ERROR] from application in play-dev-mode-akka.actor.default-dispatcher-19 - 

! @79a46alid - Internal server error, for (GET) [/contas/edit] ->
 
play.sbt.PlayExceptions$CompilationException: Compilation error[invalid method declaration; return type required]
	at play.sbt.PlayExceptions$CompilationException$.apply(PlayExceptions.scala:34)
	at play.sbt.PlayExceptions$CompilationException$.apply(PlayExceptions.scala:34)
	at scala.Option.map(Option.scala:146)
	at play.sbt.run.PlayReload$.$anonfun$taskFailureHandler$1(PlayReload.scala:33)
	at scala.Option.map(Option.scala:146)
	at play.sbt.run.PlayReload$.taskFailureHandler(PlayReload.scala:28)
	at play.sbt.run.PlayReload$.compileFailure(PlayReload.scala:24)
	at play.sbt.run.PlayReload$.$anonfun$compile$3(PlayReload.scala:51)
	at scala.util.Either$LeftProjection.map(Either.scala:573)
	at play.sbt.run.PlayReload$.compile(PlayReload.scala:51)
	at play.sbt.run.PlayRun$.$anonfun$playRunTask$4(PlayRun.scala:76)
	at play.runsupport.Reloader.$anonfun$reload$1(Reloader.scala:412)
	at play.runsupport.Reloader$$anon$5.run(Reloader.scala:50)
	at java.security.AccessController.doPrivileged(Native Method)
	at play.runsupport.Reloader$.play$runsupport$Reloader$$withReloaderContextClassLoader(Reloader.scala:55)
	at play.runsupport.Reloader.reload(Reloader.scala:412)
	at play.core.server.DevServerStart$$anon$1.get(DevServerStart.scala:123)
	at play.core.server.AkkaHttpServer.handleRequest(AkkaHttpServer.scala:222)
	at play.core.server.AkkaHttpServer.$anonfun$createServerBinding$1(AkkaHttpServer.scala:138)
	at akka.stream.impl.fusing.MapAsync$$anon$25.onPush(Ops.scala:1194)
	at akka.stream.impl.fusing.GraphInterpreter.processPush(GraphInterpreter.scala:519)
	at akka.stream.impl.fusing.GraphInterpreter.processEvent(GraphInterpreter.scala:482)
	at akka.stream.impl.fusing.GraphInterpreter.execute(GraphInterpreter.scala:378)
	at akka.stream.impl.fusing.GraphInterpreterShell.runBatch(ActorGraphInterpreter.scala:585)
	at akka.stream.impl.fusing.GraphInterpreterShell$AsyncInput.execute(ActorGraphInterpreter.scala:469)
	at akka.stream.impl.fusing.GraphInterpreterShell.processEvent(ActorGraphInterpreter.scala:560)
	at akka.stream.impl.fusing.ActorGraphInterpreter.akka$stream$impl$fusing$ActorGraphInterpreter$$processEvent(ActorGraphInterpreter.scala:742)
	at akka.stream.impl.fusing.ActorGraphInterpreter$$anonfun$receive$1.applyOrElse(ActorGraphInterpreter.scala:757)
	at akka.actor.Actor.aroundReceive(Actor.scala:517)
	at akka.actor.Actor.aroundReceive$(Actor.scala:515)
	at akka.stream.impl.fusing.ActorGraphInterpreter.aroundReceive(ActorGraphInterpreter.scala:667)
	at akka.actor.ActorCell.receiveMessage(ActorCell.scala:590)
	at akka.actor.ActorCell.invoke(ActorCell.scala:559)
	at akka.dispatch.Mailbox.processMailbox(Mailbox.scala:257)
	at akka.dispatch.Mailbox.run(Mailbox.scala:224)
	at akka.dispatch.Mailbox.exec(Mailbox.scala:234)
	at akka.dispatch.forkjoin.ForkJoinTask.doExec(ForkJoinTask.java:260)
	at akka.dispatch.forkjoin.ForkJoinPool$WorkQueue.runTask(ForkJoinPool.java:1339)
	at akka.dispatch.forkjoin.ForkJoinPool.runWorker(ForkJoinPool.java:1979)
	at akka.dispatch.forkjoin.ForkJoinWorkerThread.run(ForkJoinWorkerThread.java:107)
2018-09-17 17:17:31,744 [ERROR] from application in play-dev-mode-akka.actor.default-dispatcher-24 - 

! @79a46g2gm - Internal server error, for (GET) [/contas/edit] ->
 
play.sbt.PlayExceptions$CompilationException: Compilation error[cannot find symbol
  symbol:   class Contas
  location: class controllers.ContaController]
	at play.sbt.PlayExceptions$CompilationException$.apply(PlayExceptions.scala:34)
	at play.sbt.PlayExceptions$CompilationException$.apply(PlayExceptions.scala:34)
	at scala.Option.map(Option.scala:146)
	at play.sbt.run.PlayReload$.$anonfun$taskFailureHandler$1(PlayReload.scala:33)
	at scala.Option.map(Option.scala:146)
	at play.sbt.run.PlayReload$.taskFailureHandler(PlayReload.scala:28)
	at play.sbt.run.PlayReload$.compileFailure(PlayReload.scala:24)
	at play.sbt.run.PlayReload$.$anonfun$compile$3(PlayReload.scala:51)
	at scala.util.Either$LeftProjection.map(Either.scala:573)
	at play.sbt.run.PlayReload$.compile(PlayReload.scala:51)
	at play.sbt.run.PlayRun$.$anonfun$playRunTask$4(PlayRun.scala:76)
	at play.runsupport.Reloader.$anonfun$reload$1(Reloader.scala:412)
	at play.runsupport.Reloader$$anon$5.run(Reloader.scala:50)
	at java.security.AccessController.doPrivileged(Native Method)
	at play.runsupport.Reloader$.play$runsupport$Reloader$$withReloaderContextClassLoader(Reloader.scala:55)
	at play.runsupport.Reloader.reload(Reloader.scala:412)
	at play.core.server.DevServerStart$$anon$1.get(DevServerStart.scala:123)
	at play.core.server.AkkaHttpServer.handleRequest(AkkaHttpServer.scala:222)
	at play.core.server.AkkaHttpServer.$anonfun$createServerBinding$1(AkkaHttpServer.scala:138)
	at akka.stream.impl.fusing.MapAsync$$anon$25.onPush(Ops.scala:1194)
	at akka.stream.impl.fusing.GraphInterpreter.processPush(GraphInterpreter.scala:519)
	at akka.stream.impl.fusing.GraphInterpreter.processEvent(GraphInterpreter.scala:482)
	at akka.stream.impl.fusing.GraphInterpreter.execute(GraphInterpreter.scala:378)
	at akka.stream.impl.fusing.GraphInterpreterShell.runBatch(ActorGraphInterpreter.scala:585)
	at akka.stream.impl.fusing.GraphInterpreterShell$AsyncInput.execute(ActorGraphInterpreter.scala:469)
	at akka.stream.impl.fusing.GraphInterpreterShell.processEvent(ActorGraphInterpreter.scala:560)
	at akka.stream.impl.fusing.ActorGraphInterpreter.akka$stream$impl$fusing$ActorGraphInterpreter$$processEvent(ActorGraphInterpreter.scala:742)
	at akka.stream.impl.fusing.ActorGraphInterpreter$$anonfun$receive$1.applyOrElse(ActorGraphInterpreter.scala:757)
	at akka.actor.Actor.aroundReceive(Actor.scala:517)
	at akka.actor.Actor.aroundReceive$(Actor.scala:515)
	at akka.stream.impl.fusing.ActorGraphInterpreter.aroundReceive(ActorGraphInterpreter.scala:667)
	at akka.actor.ActorCell.receiveMessage(ActorCell.scala:590)
	at akka.actor.ActorCell.invoke(ActorCell.scala:559)
	at akka.dispatch.Mailbox.processMailbox(Mailbox.scala:257)
	at akka.dispatch.Mailbox.run(Mailbox.scala:224)
	at akka.dispatch.Mailbox.exec(Mailbox.scala:234)
	at akka.dispatch.forkjoin.ForkJoinTask.doExec(ForkJoinTask.java:260)
	at akka.dispatch.forkjoin.ForkJoinPool$WorkQueue.runTask(ForkJoinPool.java:1339)
	at akka.dispatch.forkjoin.ForkJoinPool.runWorker(ForkJoinPool.java:1979)
	at akka.dispatch.forkjoin.ForkJoinWorkerThread.run(ForkJoinWorkerThread.java:107)
2018-09-17 17:19:33,293 [ERROR] from application in play-dev-mode-akka.actor.default-dispatcher-26 - 

! @79a46n0bm - Internal server error, for (GET) [/contas/edit] ->
 
play.sbt.PlayExceptions$CompilationException: Compilation error[cannot find symbol
  symbol:   class Contas
  location: class controllers.ContaController]
	at play.sbt.PlayExceptions$CompilationException$.apply(PlayExceptions.scala:34)
	at play.sbt.PlayExceptions$CompilationException$.apply(PlayExceptions.scala:34)
	at scala.Option.map(Option.scala:146)
	at play.sbt.run.PlayReload$.$anonfun$taskFailureHandler$1(PlayReload.scala:33)
	at scala.Option.map(Option.scala:146)
	at play.sbt.run.PlayReload$.taskFailureHandler(PlayReload.scala:28)
	at play.sbt.run.PlayReload$.compileFailure(PlayReload.scala:24)
	at play.sbt.run.PlayReload$.$anonfun$compile$3(PlayReload.scala:51)
	at scala.util.Either$LeftProjection.map(Either.scala:573)
	at play.sbt.run.PlayReload$.compile(PlayReload.scala:51)
	at play.sbt.run.PlayRun$.$anonfun$playRunTask$4(PlayRun.scala:76)
	at play.runsupport.Reloader.$anonfun$reload$1(Reloader.scala:412)
	at play.runsupport.Reloader$$anon$5.run(Reloader.scala:50)
	at java.security.AccessController.doPrivileged(Native Method)
	at play.runsupport.Reloader$.play$runsupport$Reloader$$withReloaderContextClassLoader(Reloader.scala:55)
	at play.runsupport.Reloader.reload(Reloader.scala:412)
	at play.core.server.DevServerStart$$anon$1.get(DevServerStart.scala:123)
	at play.core.server.AkkaHttpServer.handleRequest(AkkaHttpServer.scala:222)
	at play.core.server.AkkaHttpServer.$anonfun$createServerBinding$1(AkkaHttpServer.scala:138)
	at akka.stream.impl.fusing.MapAsync$$anon$25.onPush(Ops.scala:1194)
	at akka.stream.impl.fusing.GraphInterpreter.processPush(GraphInterpreter.scala:519)
	at akka.stream.impl.fusing.GraphInterpreter.processEvent(GraphInterpreter.scala:482)
	at akka.stream.impl.fusing.GraphInterpreter.execute(GraphInterpreter.scala:378)
	at akka.stream.impl.fusing.GraphInterpreterShell.runBatch(ActorGraphInterpreter.scala:585)
	at akka.stream.impl.fusing.GraphInterpreterShell$AsyncInput.execute(ActorGraphInterpreter.scala:469)
	at akka.stream.impl.fusing.GraphInterpreterShell.processEvent(ActorGraphInterpreter.scala:560)
	at akka.stream.impl.fusing.ActorGraphInterpreter.akka$stream$impl$fusing$ActorGraphInterpreter$$processEvent(ActorGraphInterpreter.scala:742)
	at akka.stream.impl.fusing.ActorGraphInterpreter$$anonfun$receive$1.applyOrElse(ActorGraphInterpreter.scala:757)
	at akka.actor.Actor.aroundReceive(Actor.scala:517)
	at akka.actor.Actor.aroundReceive$(Actor.scala:515)
	at akka.stream.impl.fusing.ActorGraphInterpreter.aroundReceive(ActorGraphInterpreter.scala:667)
	at akka.actor.ActorCell.receiveMessage(ActorCell.scala:590)
	at akka.actor.ActorCell.invoke(ActorCell.scala:559)
	at akka.dispatch.Mailbox.processMailbox(Mailbox.scala:257)
	at akka.dispatch.Mailbox.run(Mailbox.scala:224)
	at akka.dispatch.Mailbox.exec(Mailbox.scala:234)
	at akka.dispatch.forkjoin.ForkJoinTask.doExec(ForkJoinTask.java:260)
	at akka.dispatch.forkjoin.ForkJoinPool$WorkQueue.runTask(ForkJoinPool.java:1339)
	at akka.dispatch.forkjoin.ForkJoinPool.runWorker(ForkJoinPool.java:1979)
	at akka.dispatch.forkjoin.ForkJoinWorkerThread.run(ForkJoinWorkerThread.java:107)
2018-09-17 17:19:37,609 [ERROR] from application in play-dev-mode-akka.actor.default-dispatcher-27 - 

! @79a46n6lm - Internal server error, for (GET) [/contas/edit] ->
 
play.sbt.PlayExceptions$CompilationException: Compilation error[cannot find symbol
  symbol:   class Contas
  location: class controllers.ContaController]
	at play.sbt.PlayExceptions$CompilationException$.apply(PlayExceptions.scala:34)
	at play.sbt.PlayExceptions$CompilationException$.apply(PlayExceptions.scala:34)
	at scala.Option.map(Option.scala:146)
	at play.sbt.run.PlayReload$.$anonfun$taskFailureHandler$1(PlayReload.scala:33)
	at scala.Option.map(Option.scala:146)
	at play.sbt.run.PlayReload$.taskFailureHandler(PlayReload.scala:28)
	at play.sbt.run.PlayReload$.compileFailure(PlayReload.scala:24)
	at play.sbt.run.PlayReload$.$anonfun$compile$3(PlayReload.scala:51)
	at scala.util.Either$LeftProjection.map(Either.scala:573)
	at play.sbt.run.PlayReload$.compile(PlayReload.scala:51)
	at play.sbt.run.PlayRun$.$anonfun$playRunTask$4(PlayRun.scala:76)
	at play.runsupport.Reloader.$anonfun$reload$1(Reloader.scala:412)
	at play.runsupport.Reloader$$anon$5.run(Reloader.scala:50)
	at java.security.AccessController.doPrivileged(Native Method)
	at play.runsupport.Reloader$.play$runsupport$Reloader$$withReloaderContextClassLoader(Reloader.scala:55)
	at play.runsupport.Reloader.reload(Reloader.scala:412)
	at play.core.server.DevServerStart$$anon$1.get(DevServerStart.scala:123)
	at play.core.server.AkkaHttpServer.handleRequest(AkkaHttpServer.scala:222)
	at play.core.server.AkkaHttpServer.$anonfun$createServerBinding$1(AkkaHttpServer.scala:138)
	at akka.stream.impl.fusing.MapAsync$$anon$25.onPush(Ops.scala:1194)
	at akka.stream.impl.fusing.GraphInterpreter.processPush(GraphInterpreter.scala:519)
	at akka.stream.impl.fusing.GraphInterpreter.processEvent(GraphInterpreter.scala:482)
	at akka.stream.impl.fusing.GraphInterpreter.execute(GraphInterpreter.scala:378)
	at akka.stream.impl.fusing.GraphInterpreterShell.runBatch(ActorGraphInterpreter.scala:585)
	at akka.stream.impl.fusing.GraphInterpreterShell$AsyncInput.execute(ActorGraphInterpreter.scala:469)
	at akka.stream.impl.fusing.GraphInterpreterShell.processEvent(ActorGraphInterpreter.scala:560)
	at akka.stream.impl.fusing.ActorGraphInterpreter.akka$stream$impl$fusing$ActorGraphInterpreter$$processEvent(ActorGraphInterpreter.scala:742)
	at akka.stream.impl.fusing.ActorGraphInterpreter$$anonfun$receive$1.applyOrElse(ActorGraphInterpreter.scala:757)
	at akka.actor.Actor.aroundReceive(Actor.scala:517)
	at akka.actor.Actor.aroundReceive$(Actor.scala:515)
	at akka.stream.impl.fusing.ActorGraphInterpreter.aroundReceive(ActorGraphInterpreter.scala:667)
	at akka.actor.ActorCell.receiveMessage(ActorCell.scala:590)
	at akka.actor.ActorCell.invoke(ActorCell.scala:559)
	at akka.dispatch.Mailbox.processMailbox(Mailbox.scala:257)
	at akka.dispatch.Mailbox.run(Mailbox.scala:224)
	at akka.dispatch.Mailbox.exec(Mailbox.scala:234)
	at akka.dispatch.forkjoin.ForkJoinTask.doExec(ForkJoinTask.java:260)
	at akka.dispatch.forkjoin.ForkJoinPool$WorkQueue.runTask(ForkJoinPool.java:1339)
	at akka.dispatch.forkjoin.ForkJoinPool.runWorker(ForkJoinPool.java:1979)
	at akka.dispatch.forkjoin.ForkJoinWorkerThread.run(ForkJoinWorkerThread.java:107)
2018-09-17 17:19:47,308 [WARN] from org.hibernate.validator.messageinterpolation.ParameterMessageInterpolator in play-dev-mode-akka.actor.default-dispatcher-27 - HV000184: ParameterMessageInterpolator has been chosen, EL interpolation will not be supported
2018-09-17 17:19:47,322 [INFO] from play.api.http.EnabledFilters in play-dev-mode-akka.actor.default-dispatcher-27 - Enabled Filters (see <https://www.playframework.com/documentation/latest/Filters>):

    play.filters.headers.SecurityHeadersFilter
    play.filters.hosts.AllowedHostsFilter

2018-09-17 17:19:47,411 [INFO] from play.api.Play in play-dev-mode-akka.actor.default-dispatcher-27 - Application started (Dev)
2018-09-17 17:20:35,701 [ERROR] from application in play-dev-mode-akka.actor.default-dispatcher-28 - 

! @79a470eho - Internal server error, for (GET) [/contas/edit/1] ->
 
play.sbt.PlayExceptions$CompilationException: Compilation error[cannot find symbol
  symbol:   variable get
  location: class play.data.Form<models.Conta>]
	at play.sbt.PlayExceptions$CompilationException$.apply(PlayExceptions.scala:34)
	at play.sbt.PlayExceptions$CompilationException$.apply(PlayExceptions.scala:34)
	at scala.Option.map(Option.scala:146)
	at play.sbt.run.PlayReload$.$anonfun$taskFailureHandler$1(PlayReload.scala:33)
	at scala.Option.map(Option.scala:146)
	at play.sbt.run.PlayReload$.taskFailureHandler(PlayReload.scala:28)
	at play.sbt.run.PlayReload$.compileFailure(PlayReload.scala:24)
	at play.sbt.run.PlayReload$.$anonfun$compile$3(PlayReload.scala:51)
	at scala.util.Either$LeftProjection.map(Either.scala:573)
	at play.sbt.run.PlayReload$.compile(PlayReload.scala:51)
	at play.sbt.run.PlayRun$.$anonfun$playRunTask$4(PlayRun.scala:76)
	at play.runsupport.Reloader.$anonfun$reload$1(Reloader.scala:412)
	at play.runsupport.Reloader$$anon$5.run(Reloader.scala:50)
	at java.security.AccessController.doPrivileged(Native Method)
	at play.runsupport.Reloader$.play$runsupport$Reloader$$withReloaderContextClassLoader(Reloader.scala:55)
	at play.runsupport.Reloader.reload(Reloader.scala:412)
	at play.core.server.DevServerStart$$anon$1.get(DevServerStart.scala:123)
	at play.core.server.AkkaHttpServer.handleRequest(AkkaHttpServer.scala:222)
	at play.core.server.AkkaHttpServer.$anonfun$createServerBinding$1(AkkaHttpServer.scala:138)
	at akka.stream.impl.fusing.MapAsync$$anon$25.onPush(Ops.scala:1194)
	at akka.stream.impl.fusing.GraphInterpreter.processPush(GraphInterpreter.scala:519)
	at akka.stream.impl.fusing.GraphInterpreter.processEvent(GraphInterpreter.scala:482)
	at akka.stream.impl.fusing.GraphInterpreter.execute(GraphInterpreter.scala:378)
	at akka.stream.impl.fusing.GraphInterpreterShell.runBatch(ActorGraphInterpreter.scala:585)
	at akka.stream.impl.fusing.GraphInterpreterShell$AsyncInput.execute(ActorGraphInterpreter.scala:469)
	at akka.stream.impl.fusing.GraphInterpreterShell.processEvent(ActorGraphInterpreter.scala:560)
	at akka.stream.impl.fusing.ActorGraphInterpreter.akka$stream$impl$fusing$ActorGraphInterpreter$$processEvent(ActorGraphInterpreter.scala:742)
	at akka.stream.impl.fusing.ActorGraphInterpreter$$anonfun$receive$1.applyOrElse(ActorGraphInterpreter.scala:757)
	at akka.actor.Actor.aroundReceive(Actor.scala:517)
	at akka.actor.Actor.aroundReceive$(Actor.scala:515)
	at akka.stream.impl.fusing.ActorGraphInterpreter.aroundReceive(ActorGraphInterpreter.scala:667)
	at akka.actor.ActorCell.receiveMessage(ActorCell.scala:590)
	at akka.actor.ActorCell.invoke(ActorCell.scala:559)
	at akka.dispatch.Mailbox.processMailbox(Mailbox.scala:257)
	at akka.dispatch.Mailbox.run(Mailbox.scala:224)
	at akka.dispatch.Mailbox.exec(Mailbox.scala:234)
	at akka.dispatch.forkjoin.ForkJoinTask.doExec(ForkJoinTask.java:260)
	at akka.dispatch.forkjoin.ForkJoinPool$WorkQueue.runTask(ForkJoinPool.java:1339)
	at akka.dispatch.forkjoin.ForkJoinPool.runWorker(ForkJoinPool.java:1979)
	at akka.dispatch.forkjoin.ForkJoinWorkerThread.run(ForkJoinWorkerThread.java:107)
2018-09-17 17:21:21,052 [ERROR] from application in play-dev-mode-akka.actor.default-dispatcher-21 - 

! @79a4733mb - Internal server error, for (GET) [/contas/edit/1] ->
 
play.sbt.PlayExceptions$CompilationException: Compilation error[id has private access in models.Conta]
	at play.sbt.PlayExceptions$CompilationException$.apply(PlayExceptions.scala:34)
	at play.sbt.PlayExceptions$CompilationException$.apply(PlayExceptions.scala:34)
	at scala.Option.map(Option.scala:146)
	at play.sbt.run.PlayReload$.$anonfun$taskFailureHandler$1(PlayReload.scala:33)
	at scala.Option.map(Option.scala:146)
	at play.sbt.run.PlayReload$.taskFailureHandler(PlayReload.scala:28)
	at play.sbt.run.PlayReload$.compileFailure(PlayReload.scala:24)
	at play.sbt.run.PlayReload$.$anonfun$compile$3(PlayReload.scala:51)
	at scala.util.Either$LeftProjection.map(Either.scala:573)
	at play.sbt.run.PlayReload$.compile(PlayReload.scala:51)
	at play.sbt.run.PlayRun$.$anonfun$playRunTask$4(PlayRun.scala:76)
	at play.runsupport.Reloader.$anonfun$reload$1(Reloader.scala:412)
	at play.runsupport.Reloader$$anon$5.run(Reloader.scala:50)
	at java.security.AccessController.doPrivileged(Native Method)
	at play.runsupport.Reloader$.play$runsupport$Reloader$$withReloaderContextClassLoader(Reloader.scala:55)
	at play.runsupport.Reloader.reload(Reloader.scala:412)
	at play.core.server.DevServerStart$$anon$1.get(DevServerStart.scala:123)
	at play.core.server.AkkaHttpServer.handleRequest(AkkaHttpServer.scala:222)
	at play.core.server.AkkaHttpServer.$anonfun$createServerBinding$1(AkkaHttpServer.scala:138)
	at akka.stream.impl.fusing.MapAsync$$anon$25.onPush(Ops.scala:1194)
	at akka.stream.impl.fusing.GraphInterpreter.processPush(GraphInterpreter.scala:519)
	at akka.stream.impl.fusing.GraphInterpreter.processEvent(GraphInterpreter.scala:482)
	at akka.stream.impl.fusing.GraphInterpreter.execute(GraphInterpreter.scala:378)
	at akka.stream.impl.fusing.GraphInterpreterShell.runBatch(ActorGraphInterpreter.scala:585)
	at akka.stream.impl.fusing.GraphInterpreterShell$AsyncInput.execute(ActorGraphInterpreter.scala:469)
	at akka.stream.impl.fusing.GraphInterpreterShell.processEvent(ActorGraphInterpreter.scala:560)
	at akka.stream.impl.fusing.ActorGraphInterpreter.akka$stream$impl$fusing$ActorGraphInterpreter$$processEvent(ActorGraphInterpreter.scala:742)
	at akka.stream.impl.fusing.ActorGraphInterpreter$$anonfun$receive$1.applyOrElse(ActorGraphInterpreter.scala:757)
	at akka.actor.Actor.aroundReceive(Actor.scala:517)
	at akka.actor.Actor.aroundReceive$(Actor.scala:515)
	at akka.stream.impl.fusing.ActorGraphInterpreter.aroundReceive(ActorGraphInterpreter.scala:667)
	at akka.actor.ActorCell.receiveMessage(ActorCell.scala:590)
	at akka.actor.ActorCell.invoke(ActorCell.scala:559)
	at akka.dispatch.Mailbox.processMailbox(Mailbox.scala:257)
	at akka.dispatch.Mailbox.run(Mailbox.scala:224)
	at akka.dispatch.Mailbox.exec(Mailbox.scala:234)
	at akka.dispatch.forkjoin.ForkJoinTask.doExec(ForkJoinTask.java:260)
	at akka.dispatch.forkjoin.ForkJoinPool$WorkQueue.runTask(ForkJoinPool.java:1339)
	at akka.dispatch.forkjoin.ForkJoinPool.runWorker(ForkJoinPool.java:1979)
	at akka.dispatch.forkjoin.ForkJoinWorkerThread.run(ForkJoinWorkerThread.java:107)
2018-09-17 17:21:36,321 [ERROR] from application in play-dev-mode-akka.actor.default-dispatcher-21 - 

! @79a4740bh - Internal server error, for (GET) [/contas/edit/1] ->
 
play.sbt.PlayExceptions$CompilationException: Compilation error[cannot find symbol
  symbol:   variable getId
  location: variable conta of type models.Conta]
	at play.sbt.PlayExceptions$CompilationException$.apply(PlayExceptions.scala:34)
	at play.sbt.PlayExceptions$CompilationException$.apply(PlayExceptions.scala:34)
	at scala.Option.map(Option.scala:146)
	at play.sbt.run.PlayReload$.$anonfun$taskFailureHandler$1(PlayReload.scala:33)
	at scala.Option.map(Option.scala:146)
	at play.sbt.run.PlayReload$.taskFailureHandler(PlayReload.scala:28)
	at play.sbt.run.PlayReload$.compileFailure(PlayReload.scala:24)
	at play.sbt.run.PlayReload$.$anonfun$compile$3(PlayReload.scala:51)
	at scala.util.Either$LeftProjection.map(Either.scala:573)
	at play.sbt.run.PlayReload$.compile(PlayReload.scala:51)
	at play.sbt.run.PlayRun$.$anonfun$playRunTask$4(PlayRun.scala:76)
	at play.runsupport.Reloader.$anonfun$reload$1(Reloader.scala:412)
	at play.runsupport.Reloader$$anon$5.run(Reloader.scala:50)
	at java.security.AccessController.doPrivileged(Native Method)
	at play.runsupport.Reloader$.play$runsupport$Reloader$$withReloaderContextClassLoader(Reloader.scala:55)
	at play.runsupport.Reloader.reload(Reloader.scala:412)
	at play.core.server.DevServerStart$$anon$1.get(DevServerStart.scala:123)
	at play.core.server.AkkaHttpServer.handleRequest(AkkaHttpServer.scala:222)
	at play.core.server.AkkaHttpServer.$anonfun$createServerBinding$1(AkkaHttpServer.scala:138)
	at akka.stream.impl.fusing.MapAsync$$anon$25.onPush(Ops.scala:1194)
	at akka.stream.impl.fusing.GraphInterpreter.processPush(GraphInterpreter.scala:519)
	at akka.stream.impl.fusing.GraphInterpreter.processEvent(GraphInterpreter.scala:482)
	at akka.stream.impl.fusing.GraphInterpreter.execute(GraphInterpreter.scala:378)
	at akka.stream.impl.fusing.GraphInterpreterShell.runBatch(ActorGraphInterpreter.scala:585)
	at akka.stream.impl.fusing.GraphInterpreterShell$AsyncInput.execute(ActorGraphInterpreter.scala:469)
	at akka.stream.impl.fusing.GraphInterpreterShell.processEvent(ActorGraphInterpreter.scala:560)
	at akka.stream.impl.fusing.ActorGraphInterpreter.akka$stream$impl$fusing$ActorGraphInterpreter$$processEvent(ActorGraphInterpreter.scala:742)
	at akka.stream.impl.fusing.ActorGraphInterpreter$$anonfun$receive$1.applyOrElse(ActorGraphInterpreter.scala:757)
	at akka.actor.Actor.aroundReceive(Actor.scala:517)
	at akka.actor.Actor.aroundReceive$(Actor.scala:515)
	at akka.stream.impl.fusing.ActorGraphInterpreter.aroundReceive(ActorGraphInterpreter.scala:667)
	at akka.actor.ActorCell.receiveMessage(ActorCell.scala:590)
	at akka.actor.ActorCell.invoke(ActorCell.scala:559)
	at akka.dispatch.Mailbox.processMailbox(Mailbox.scala:257)
	at akka.dispatch.Mailbox.run(Mailbox.scala:224)
	at akka.dispatch.Mailbox.exec(Mailbox.scala:234)
	at akka.dispatch.forkjoin.ForkJoinTask.doExec(ForkJoinTask.java:260)
	at akka.dispatch.forkjoin.ForkJoinPool$WorkQueue.runTask(ForkJoinPool.java:1339)
	at akka.dispatch.forkjoin.ForkJoinPool.runWorker(ForkJoinPool.java:1979)
	at akka.dispatch.forkjoin.ForkJoinWorkerThread.run(ForkJoinWorkerThread.java:107)
2018-09-17 17:21:52,850 [ERROR] from application in play-dev-mode-akka.actor.default-dispatcher-21 - 

! @79a474onb - Internal server error, for (GET) [/contas/edit/1] ->
 
play.sbt.PlayExceptions$CompilationException: Compilation error[titulo has private access in models.Conta]
	at play.sbt.PlayExceptions$CompilationException$.apply(PlayExceptions.scala:34)
	at play.sbt.PlayExceptions$CompilationException$.apply(PlayExceptions.scala:34)
	at scala.Option.map(Option.scala:146)
	at play.sbt.run.PlayReload$.$anonfun$taskFailureHandler$1(PlayReload.scala:33)
	at scala.Option.map(Option.scala:146)
	at play.sbt.run.PlayReload$.taskFailureHandler(PlayReload.scala:28)
	at play.sbt.run.PlayReload$.compileFailure(PlayReload.scala:24)
	at play.sbt.run.PlayReload$.$anonfun$compile$3(PlayReload.scala:51)
	at scala.util.Either$LeftProjection.map(Either.scala:573)
	at play.sbt.run.PlayReload$.compile(PlayReload.scala:51)
	at play.sbt.run.PlayRun$.$anonfun$playRunTask$4(PlayRun.scala:76)
	at play.runsupport.Reloader.$anonfun$reload$1(Reloader.scala:412)
	at play.runsupport.Reloader$$anon$5.run(Reloader.scala:50)
	at java.security.AccessController.doPrivileged(Native Method)
	at play.runsupport.Reloader$.play$runsupport$Reloader$$withReloaderContextClassLoader(Reloader.scala:55)
	at play.runsupport.Reloader.reload(Reloader.scala:412)
	at play.core.server.DevServerStart$$anon$1.get(DevServerStart.scala:123)
	at play.core.server.AkkaHttpServer.handleRequest(AkkaHttpServer.scala:222)
	at play.core.server.AkkaHttpServer.$anonfun$createServerBinding$1(AkkaHttpServer.scala:138)
	at akka.stream.impl.fusing.MapAsync$$anon$25.onPush(Ops.scala:1194)
	at akka.stream.impl.fusing.GraphInterpreter.processPush(GraphInterpreter.scala:519)
	at akka.stream.impl.fusing.GraphInterpreter.processEvent(GraphInterpreter.scala:482)
	at akka.stream.impl.fusing.GraphInterpreter.execute(GraphInterpreter.scala:378)
	at akka.stream.impl.fusing.GraphInterpreterShell.runBatch(ActorGraphInterpreter.scala:585)
	at akka.stream.impl.fusing.GraphInterpreterShell$AsyncInput.execute(ActorGraphInterpreter.scala:469)
	at akka.stream.impl.fusing.GraphInterpreterShell.processEvent(ActorGraphInterpreter.scala:560)
	at akka.stream.impl.fusing.ActorGraphInterpreter.akka$stream$impl$fusing$ActorGraphInterpreter$$processEvent(ActorGraphInterpreter.scala:742)
	at akka.stream.impl.fusing.ActorGraphInterpreter$$anonfun$receive$1.applyOrElse(ActorGraphInterpreter.scala:757)
	at akka.actor.Actor.aroundReceive(Actor.scala:517)
	at akka.actor.Actor.aroundReceive$(Actor.scala:515)
	at akka.stream.impl.fusing.ActorGraphInterpreter.aroundReceive(ActorGraphInterpreter.scala:667)
	at akka.actor.ActorCell.receiveMessage(ActorCell.scala:590)
	at akka.actor.ActorCell.invoke(ActorCell.scala:559)
	at akka.dispatch.Mailbox.processMailbox(Mailbox.scala:257)
	at akka.dispatch.Mailbox.run(Mailbox.scala:224)
	at akka.dispatch.Mailbox.exec(Mailbox.scala:234)
	at akka.dispatch.forkjoin.ForkJoinTask.doExec(ForkJoinTask.java:260)
	at akka.dispatch.forkjoin.ForkJoinPool$WorkQueue.runTask(ForkJoinPool.java:1339)
	at akka.dispatch.forkjoin.ForkJoinPool.runWorker(ForkJoinPool.java:1979)
	at akka.dispatch.forkjoin.ForkJoinWorkerThread.run(ForkJoinWorkerThread.java:107)
2018-09-17 17:23:46,245 [WARN] from org.hibernate.validator.messageinterpolation.ParameterMessageInterpolator in play-dev-mode-akka.actor.default-dispatcher-28 - HV000184: ParameterMessageInterpolator has been chosen, EL interpolation will not be supported
2018-09-17 17:23:46,260 [INFO] from play.api.http.EnabledFilters in play-dev-mode-akka.actor.default-dispatcher-28 - Enabled Filters (see <https://www.playframework.com/documentation/latest/Filters>):

    play.filters.headers.SecurityHeadersFilter
    play.filters.hosts.AllowedHostsFilter

2018-09-17 17:23:46,334 [INFO] from play.api.Play in play-dev-mode-akka.actor.default-dispatcher-28 - Application started (Dev)
2018-09-17 17:34:40,718 [WARN] from org.hibernate.validator.messageinterpolation.ParameterMessageInterpolator in play-dev-mode-akka.actor.default-dispatcher-32 - HV000184: ParameterMessageInterpolator has been chosen, EL interpolation will not be supported
2018-09-17 17:34:40,731 [INFO] from play.api.http.EnabledFilters in play-dev-mode-akka.actor.default-dispatcher-32 - Enabled Filters (see <https://www.playframework.com/documentation/latest/Filters>):

    play.filters.headers.SecurityHeadersFilter
    play.filters.hosts.AllowedHostsFilter

2018-09-17 17:34:40,794 [INFO] from play.api.Play in play-dev-mode-akka.actor.default-dispatcher-32 - Application started (Dev)
2018-09-17 17:37:13,305 [WARN] from org.hibernate.validator.messageinterpolation.ParameterMessageInterpolator in play-dev-mode-akka.actor.default-dispatcher-35 - HV000184: ParameterMessageInterpolator has been chosen, EL interpolation will not be supported
2018-09-17 17:37:13,317 [INFO] from play.api.http.EnabledFilters in play-dev-mode-akka.actor.default-dispatcher-35 - Enabled Filters (see <https://www.playframework.com/documentation/latest/Filters>):

    play.filters.headers.SecurityHeadersFilter
    play.filters.hosts.AllowedHostsFilter

2018-09-17 17:37:13,378 [INFO] from play.api.Play in play-dev-mode-akka.actor.default-dispatcher-35 - Application started (Dev)
2018-09-17 17:39:13,079 [WARN] from org.hibernate.validator.messageinterpolation.ParameterMessageInterpolator in play-dev-mode-akka.actor.default-dispatcher-35 - HV000184: ParameterMessageInterpolator has been chosen, EL interpolation will not be supported
2018-09-17 17:39:13,097 [INFO] from play.api.http.EnabledFilters in play-dev-mode-akka.actor.default-dispatcher-35 - Enabled Filters (see <https://www.playframework.com/documentation/latest/Filters>):

    play.filters.headers.SecurityHeadersFilter
    play.filters.hosts.AllowedHostsFilter

2018-09-17 17:39:13,163 [INFO] from play.api.Play in play-dev-mode-akka.actor.default-dispatcher-35 - Application started (Dev)
2018-09-17 17:40:50,064 [WARN] from org.hibernate.validator.messageinterpolation.ParameterMessageInterpolator in play-dev-mode-akka.actor.default-dispatcher-38 - HV000184: ParameterMessageInterpolator has been chosen, EL interpolation will not be supported
2018-09-17 17:40:50,076 [INFO] from play.api.http.EnabledFilters in play-dev-mode-akka.actor.default-dispatcher-38 - Enabled Filters (see <https://www.playframework.com/documentation/latest/Filters>):

    play.filters.headers.SecurityHeadersFilter
    play.filters.hosts.AllowedHostsFilter

2018-09-17 17:40:50,157 [INFO] from play.api.Play in play-dev-mode-akka.actor.default-dispatcher-38 - Application started (Dev)
2018-09-17 17:43:03,545 [WARN] from org.hibernate.validator.messageinterpolation.ParameterMessageInterpolator in play-dev-mode-akka.actor.default-dispatcher-35 - HV000184: ParameterMessageInterpolator has been chosen, EL interpolation will not be supported
2018-09-17 17:43:03,555 [INFO] from play.api.http.EnabledFilters in play-dev-mode-akka.actor.default-dispatcher-35 - Enabled Filters (see <https://www.playframework.com/documentation/latest/Filters>):

    play.filters.headers.SecurityHeadersFilter
    play.filters.hosts.AllowedHostsFilter

2018-09-17 17:43:03,612 [INFO] from play.api.Play in play-dev-mode-akka.actor.default-dispatcher-35 - Application started (Dev)
